<?xml version="1.0" encoding="utf-8"?><testsuites name="pytest tests"><testsuite name="pytest" errors="0" failures="0" skipped="0" tests="70" time="8.578" timestamp="2026-07-20T07:13:10.375993+00:00" hostname="agent-env-7278c9c5-dc63-4207-9704-8e4df29dc057"><testcase classname="tests.backend_test.TestMediaUpload" name="test_upload_requires_auth" time="0.108" /><testcase classname="tests.backend_test.TestPublicContent" name="test_services_list" time="0.124" /><testcase classname="tests.backend_test.TestMediaUpload" name="test_upload_with_invalid_token" time="0.129" /><testcase classname="tests.backend_test.TestPublicContent" name="test_service_by_slug_real" time="0.047" /><testcase classname="tests.backend_test.TestPublicContent" name="test_service_by_slug_not_found" time="0.046" /><testcase classname="tests.backend_test.TestPublicContent" name="test_doctors_list" time="0.051" /><testcase classname="tests.backend_test.TestPublicContent" name="test_doctor_by_id" time="0.286" /><testcase classname="tests.backend_test.TestMediaUpload" name="test_upload_png_success" time="0.572" /><testcase classname="tests.backend_test.TestPublicContent" name="test_testimonials_only_approved" time="0.044" /><testcase classname="tests.backend_test.TestPublicContent" name="test_blogs_list" time="0.170" /><testcase classname="tests.backend_test.TestPublicContent" name="test_gallery_list" time="0.050" /><testcase classname="tests.backend_test.TestMediaUpload" name="test_upload_rejects_txt" time="0.100" /><testcase classname="tests.backend_test.TestPublicContent" name="test_faqs_list" time="0.044" /><testcase classname="tests.backend_test.TestPublicContent" name="test_settings" time="0.045" /><testcase classname="tests.backend_test.TestMediaUpload" name="test_upload_rejects_oversize" time="0.535" /><testcase classname="tests.backend_test.TestRealContent" name="test_settings_real_content" time="0.045" /><testcase classname="tests.backend_test.TestRealContent" name="test_services_9_real" time="0.044" /><testcase classname="tests.backend_test.TestRealContent" name="test_doctors_4_real" time="0.310" /><testcase classname="tests.backend_test.TestRealContent" name="test_faqs_real_content" time="0.045" /><testcase classname="tests.backend_test.TestRealContent" name="test_gallery_uses_uploaded_photos" time="0.047" /><testcase classname="tests.backend_test.TestRealContent" name="test_logo_is_wooden_carewithus_not_clinic_collage" time="0.123" /><testcase classname="tests.backend_test.TestMediaUpload" name="test_serve_uploaded_media" time="0.358" /><testcase classname="tests.backend_test.TestRealContent" name="test_gallery_reception_uses_clinic_collage" time="0.044" /><testcase classname="tests.backend_test.TestAdminCRUD" name="test_admin_endpoints_unauthorized" time="0.106" /><testcase classname="tests.backend_test.TestMediaUpload" name="test_serve_nonexistent_returns_404" time="0.239" /><testcase classname="tests.backend_test.TestAdminCRUD" name="test_service_crud" time="0.595" /><testcase classname="tests.backend_test.TestMediaUpload" name="test_files_collection_record_exists" time="0.229" /><testcase classname="tests.backend_test.TestMediaUpload" name="test_upload_kind_field_is_respected" time="1.559" /><testcase classname="tests.backend_test.TestAdminCRUD" name="test_doctor_crud" time="0.290" /><testcase classname="tests.backend_test.TestAdminCRUD" name="test_blog_crud" time="0.236" /><testcase classname="tests.backend_test.TestAdminCRUD" name="test_gallery_crud" time="0.261" /><testcase classname="tests.backend_test.TestAdminCRUD" name="test_faq_crud" time="0.089" /><testcase classname="tests.backend_test.TestAdminCRUD" name="test_settings_update" time="0.414" /><testcase classname="tests.backend_test.TestAppointments" name="test_create_appointment" time="0.047" /><testcase classname="tests.backend_test.TestAppointments" name="test_admin_list_appointments_requires_auth" time="0.216" /><testcase classname="tests.backend_test.TestAppointments" name="test_admin_list_appointments" time="0.268" /><testcase classname="tests.backend_test.TestAuth" name="test_login_success" time="0.263" /><testcase classname="tests.backend_test.TestAuth" name="test_login_wrong_password" time="0.261" /><testcase classname="tests.backend_test.TestAppointments" name="test_admin_patch_appointment_status" time="0.264" /><testcase classname="tests.backend_test.TestAuth" name="test_me_with_token" time="0.042" /><testcase classname="tests.backend_test.TestAppointments" name="test_admin_delete_appointment" time="0.135" /><testcase classname="tests.backend_test.TestAuth" name="test_me_without_token" time="0.210" /><testcase classname="tests.backend_test.TestAppointmentNotificationHook" name="test_appointment_succeeds_when_notifications_disabled" time="0.178" /><testcase classname="tests.backend_test.TestAuth" name="test_logout" time="0.040" /><testcase classname="tests.backend_test.TestPasswordChange" name="test_wrong_current_password" time="0.265" /><testcase classname="tests.backend_test.TestAppointmentNotificationHook" name="test_appointment_succeeds_with_bad_smtp" time="0.561" /><testcase classname="tests.backend_test.TestPasswordChange" name="test_weak_new_password" time="0.265" /><testcase classname="tests.backend_test.TestPasswordChange" name="test_change_password_success_and_restore" time="2.190" /><testcase classname="tests.backend_test.TestAppointmentNotificationHook" name="test_contact_succeeds_with_bad_smtp" time="0.444" /><testcase classname="tests.backend_test.TestAppointmentNotificationHook" name="test_notifications_disabled_after" time="0.047" /><testcase classname="tests.backend_test.TestAuditLogs" name="test_settings_update_creates_redacted_audit_log" time="0.291" /><testcase classname="tests.backend_test.TestAuditLogs" name="test_audit_logs_sorted_desc" time="0.048" /><testcase classname="tests.backend_test.TestAuditLogs" name="test_audit_logs_requires_admin" time="0.308" /><testcase classname="tests.backend_test.TestNotificationTestEndpoint" name="test_email_channel_without_config" time="0.539" /><testcase classname="tests.backend_test.TestNotificationTestEndpoint" name="test_whatsapp_channel_without_config" time="0.090" /><testcase classname="tests.backend_test.TestNotificationTestEndpoint" name="test_invalid_channel" time="0.315" /><testcase classname="tests.backend_test.TestAccountEndpoint" name="test_get_account_me" time="0.102" /><testcase classname="tests.backend_test.TestPasswordChange" name="test_audit_log_contains_change_events" time="0.219" /><testcase classname="tests.backend_test.TestAccountEndpoint" name="test_update_profile" time="0.176" /><testcase classname="tests.backend_test.TestContact" name="test_submit_contact" time="0.080" /><testcase classname="tests.backend_test.TestAccountEndpoint" name="test_update_email_same_email_succeeds" time="0.045" /><testcase classname="tests.backend_test.TestSettingsNewFields" name="test_update_new_fields_persist" time="0.184" /><testcase classname="tests.backend_test.TestContact" name="test_contact_requires_admin" time="0.129" /><testcase classname="tests.backend_test.TestContact" name="test_admin_get_contact" time="0.041" /><testcase classname="tests.backend_test.TestSettingsNewFields" name="test_update_hero_slides" time="0.185" /><testcase classname="tests.backend_test.TestTestimonialsSubmit" name="test_submit_unapproved" time="0.205" /><testcase classname="tests.backend_test.TestRoot" name="test_root" time="0.044" /><testcase classname="tests.backend_test.TestSeedImageFixes" name="test_no_broken_service_images" time="0.040" /><testcase classname="tests.backend_test.TestStats" name="test_stats" time="0.090" /><testcase classname="tests.backend_test.TestSettingsNotifications" name="test_notifications_object_persists" time="0.162" /></testsuite></testsuites>