<?xml version="1.0" encoding="utf-8"?><testsuites name="pytest tests"><testsuite name="pytest" errors="0" failures="0" skipped="0" tests="87" time="14.833" timestamp="2026-07-29T13:57:31.429427+00:00" hostname="agent-env-7278c9c5-dc63-4207-9704-8e4df29dc057"><testcase classname="tests.backend_test.TestMediaUpload" name="test_upload_requires_auth" time="0.182" /><testcase classname="tests.backend_test.TestPublicContent" name="test_services_list" time="0.196" /><testcase classname="tests.backend_test.TestMediaUpload" name="test_upload_with_invalid_token" time="0.203" /><testcase classname="tests.backend_test.TestPublicContent" name="test_service_by_slug_real" time="0.052" /><testcase classname="tests.backend_test.TestPublicContent" name="test_service_by_slug_not_found" time="0.046" /><testcase classname="tests.backend_test.TestPublicContent" name="test_doctors_list" time="0.047" /><testcase classname="tests.backend_test.TestPublicContent" name="test_doctor_by_id" time="0.093" /><testcase classname="tests.backend_test.TestPublicContent" name="test_testimonials_only_approved" time="0.044" /><testcase classname="tests.backend_test.TestPublicContent" name="test_blogs_list" time="0.046" /><testcase classname="tests.backend_test.TestPublicContent" name="test_gallery_list" time="0.248" /><testcase classname="tests.backend_test.TestPublicContent" name="test_faqs_list" time="0.048" /><testcase classname="tests.backend_test.TestPublicContent" name="test_settings" time="0.043" /><testcase classname="tests.backend_test.TestMediaUpload" name="test_upload_png_success" time="2.033" /><testcase classname="tests.backend_test.TestRealContent" name="test_settings_real_content" time="0.045" /><testcase classname="tests.backend_test.TestRealContent" name="test_services_9_real" time="0.044" /><testcase classname="tests.backend_test.TestRealContent" name="test_doctors_4_real" time="1.631" /><testcase classname="tests.backend_test.TestMediaUpload" name="test_upload_rejects_txt" time="0.191" /><testcase classname="tests.backend_test.TestRealContent" name="test_faqs_real_content" time="0.048" /><testcase classname="tests.backend_test.TestMediaUpload" name="test_upload_rejects_oversize" time="0.866" /><testcase classname="tests.backend_test.TestRealContent" name="test_gallery_uses_uploaded_photos" time="0.044" /><testcase classname="tests.backend_test.TestRealContent" name="test_logo_is_wooden_carewithus_not_clinic_collage" time="0.344" /><testcase classname="tests.backend_test.TestRealContent" name="test_gallery_reception_uses_clinic_collage" time="0.045" /><testcase classname="tests.backend_test.TestAdminCRUD" name="test_admin_endpoints_unauthorized" time="0.122" /><testcase classname="tests.backend_test.TestAdminCRUD" name="test_service_crud" time="0.689" /><testcase classname="tests.backend_test.TestMediaUpload" name="test_serve_uploaded_media" time="0.551" /><testcase classname="tests.backend_test.TestAdminCRUD" name="test_doctor_crud" time="0.291" /><testcase classname="tests.backend_test.TestMediaUpload" name="test_serve_nonexistent_returns_404" time="0.225" /><testcase classname="tests.backend_test.TestAdminCRUD" name="test_blog_crud" time="0.147" /><testcase classname="tests.backend_test.TestMediaUpload" name="test_files_collection_record_exists" time="0.264" /><testcase classname="tests.backend_test.TestAdminCRUD" name="test_gallery_crud" time="0.241" /><testcase classname="tests.backend_test.TestMediaUpload" name="test_upload_kind_field_is_respected" time="4.051" /><testcase classname="tests.backend_test.TestAdminCRUD" name="test_faq_crud" time="0.102" /><testcase classname="tests.backend_test.TestAdminCRUD" name="test_settings_update" time="0.799" /><testcase classname="tests.backend_test.TestAuth" name="test_login_success" time="0.613" /><testcase classname="tests.backend_test.TestAuth" name="test_login_wrong_password" time="0.543" /><testcase classname="tests.backend_test.TestAuth" name="test_me_with_token" time="0.367" /><testcase classname="tests.backend_test.TestAuth" name="test_me_without_token" time="0.113" /><testcase classname="tests.backend_test.TestAuth" name="test_logout" time="0.662" /><testcase classname="tests.backend_test.TestAppointments" name="test_create_appointment" time="0.098" /><testcase classname="tests.backend_test.TestAppointments" name="test_admin_list_appointments_requires_auth" time="0.701" /><testcase classname="tests.backend_test.TestAppointments" name="test_admin_list_appointments" time="0.045" /><testcase classname="tests.backend_test.TestAvailableSlots" name="test_no_date_returns_reason" time="0.076" /><testcase classname="tests.backend_test.TestAppointments" name="test_admin_patch_appointment_status" time="0.045" /><testcase classname="tests.backend_test.TestAvailableSlots" name="test_past_date_returns_reason" time="0.302" /><testcase classname="tests.backend_test.TestAppointments" name="test_admin_delete_appointment" time="0.088" /><testcase classname="tests.backend_test.TestAppointmentNotificationHook" name="test_appointment_succeeds_when_notifications_disabled" time="0.184" /><testcase classname="tests.backend_test.TestAppointmentNotificationHook" name="test_appointment_succeeds_with_bad_smtp" time="0.242" /><testcase classname="tests.backend_test.TestAvailableSlots" name="test_valid_future_weekday_returns_slots" time="0.112" /><testcase classname="tests.backend_test.TestAvailableSlots" name="test_sunday_returns_closed" time="0.088" /><testcase classname="tests.backend_test.TestAvailableSlots" name="test_slot_excluded_when_booked_and_returns_when_deleted" time="0.471" /><testcase classname="tests.backend_test.TestAppointmentNotificationHook" name="test_contact_succeeds_with_bad_smtp" time="0.092" /><testcase classname="tests.backend_test.TestAppointmentNotificationHook" name="test_notifications_disabled_after" time="0.047" /><testcase classname="tests.backend_test.TestContact" name="test_submit_contact" time="0.045" /><testcase classname="tests.backend_test.TestContact" name="test_contact_requires_admin" time="0.114" /><testcase classname="tests.backend_test.TestContact" name="test_admin_get_contact" time="0.047" /><testcase classname="tests.backend_test.TestAuditLogs" name="test_settings_update_creates_redacted_audit_log" time="0.117" /><testcase classname="tests.backend_test.TestAvailableSlots" name="test_invalid_date_format" time="0.063" /><testcase classname="tests.backend_test.TestAuditLogs" name="test_audit_logs_sorted_desc" time="0.052" /><testcase classname="tests.backend_test.TestPasswordChange" name="test_wrong_current_password" time="0.286" /><testcase classname="tests.backend_test.TestAuditLogs" name="test_audit_logs_requires_admin" time="0.320" /><testcase classname="tests.backend_test.TestPasswordChange" name="test_weak_new_password" time="0.331" /><testcase classname="tests.backend_test.TestNotificationTestEndpoint" name="test_email_channel_without_config" time="0.328" /><testcase classname="tests.backend_test.TestPasswordChange" name="test_change_password_success_and_restore" time="2.169" /><testcase classname="tests.backend_test.TestNotificationTestEndpoint" name="test_whatsapp_channel_without_config" time="0.511" /><testcase classname="tests.backend_test.TestNotificationTestEndpoint" name="test_invalid_channel" time="0.048" /><testcase classname="tests.backend_test.TestStatusChangeNotifications" name="test_notify_disabled_no_error" time="0.638" /><testcase classname="tests.backend_test.TestStatusChangeNotifications" name="test_notify_completed_no_show_do_not_trigger" time="0.654" /><testcase classname="tests.backend_test.TestStatusChangeNotifications" name="test_notify_with_bad_smtp_and_template_attempts_logged" time="0.566" /><testcase classname="tests.backend_test.TestPasswordChange" name="test_audit_log_contains_change_events" time="0.357" /><testcase classname="tests.backend_test.TestSettingsNewFields" name="test_update_new_fields_persist" time="0.178" /><testcase classname="tests.backend_test.TestAccountEndpoint" name="test_get_account_me" time="0.101" /><testcase classname="tests.backend_test.TestAccountEndpoint" name="test_update_profile" time="0.277" /><testcase classname="tests.backend_test.TestSettingsNewFields" name="test_update_hero_slides" time="0.180" /><testcase classname="tests.backend_test.TestMaintenanceEndpoint" name="test_maintenance_default_disabled" time="0.044" /><testcase classname="tests.backend_test.TestMaintenanceEndpoint" name="test_maintenance_toggle_and_restore" time="0.173" /><testcase classname="tests.backend_test.TestAccountEndpoint" name="test_update_email_same_email_succeeds" time="0.117" /><testcase classname="tests.backend_test.TestDoctorAvailabilityFields" name="test_create_doctor_with_availability" time="0.203" /><testcase classname="tests.backend_test.TestZ_FinalCleanup" name="test_ensure_maintenance_disabled" time="0.104" /><testcase classname="tests.backend_test.TestZ_FinalCleanup" name="test_ensure_admin_password_still_valid" time="0.453" /><testcase classname="tests.backend_test.TestDoctorAvailabilityFields" name="test_doctor_availability_affects_slots" time="0.424" /><testcase classname="tests.backend_test.TestTestimonialsSubmit" name="test_submit_unapproved" time="0.145" /><testcase classname="tests.backend_test.TestRoot" name="test_root" time="0.100" /><testcase classname="tests.backend_test.TestSeedImageFixes" name="test_no_broken_service_images" time="0.042" /><testcase classname="tests.backend_test.TestStats" name="test_stats" time="0.115" /><testcase classname="tests.backend_test.TestSettingsNotifications" name="test_notifications_object_persists" time="0.176" /><testcase classname="tests.backend_test.TestSystemHealth" name="test_health_endpoint_public" time="0.166" /><testcase classname="tests.backend_test.TestSettingsIter7Fields" name="test_all_new_fields_persist" time="0.204" /></testsuite></testsuites>